birthRegistration/build/outputs/logs/manifest-merger-debug-report.txt
-- Merging decision tree log ---
manifest
ADDED from src\main\AndroidManifest.xml:2:1-159:12
	package
		ADDED from src\main\AndroidManifest.xml:4:5-43
		INJECTED from src\main\AndroidManifest.xml
		INJECTED from src\main\AndroidManifest.xml
	android:versionName
		ADDED from src\main\AndroidManifest.xml:6:5-30
		INJECTED from src\main\AndroidManifest.xml
		INJECTED from src\main\AndroidManifest.xml
	xmlns:tools
		ADDED from src\main\AndroidManifest.xml:3:5-51
	android:versionCode
		ADDED from src\main\AndroidManifest.xml:5:5-28
		INJECTED from src\main\AndroidManifest.xml
		INJECTED from src\main\AndroidManifest.xml
	xmlns:android
		ADDED from src\main\AndroidManifest.xml:2:11-69
uses-sdk
ADDED from src\main\AndroidManifest.xml:8:5-10:41
MERGED from [BirthRegistration:sDMM_SDK:unspecified] AndroidManifest.xml:7:5-9:41
MERGED from [com.android.support:support-v4:22.1.1] AndroidManifest.xml:20:5-43
	android:targetSdkVersion
		ADDED from src\main\AndroidManifest.xml:10:9-38
		INJECTED from src\main\AndroidManifest.xml
		INJECTED from src\main\AndroidManifest.xml
	android:minSdkVersion
		ADDED from src\main\AndroidManifest.xml:9:9-35
		INJECTED from src\main\AndroidManifest.xml
		INJECTED from src\main\AndroidManifest.xml
uses-feature#android.hardware.camera
ADDED from src\main\AndroidManifest.xml:12:5-14:35
	android:required
		ADDED from src\main\AndroidManifest.xml:14:9-32
	android:name
		ADDED from src\main\AndroidManifest.xml:13:9-47
uses-permission#android.permission.CAMERA
ADDED from src\main\AndroidManifest.xml:16:5-65
	android:name
		ADDED from src\main\AndroidManifest.xml:16:22-62
uses-permission#android.permission.WRITE_EXTERNAL_STORAGE
ADDED from src\main\AndroidManifest.xml:17:5-81
	android:name
		ADDED from src\main\AndroidManifest.xml:17:22-78
uses-permission#android.permission.ACCESS_NETWORK_STATE
ADDED from src\main\AndroidManifest.xml:18:5-79
	android:name
		ADDED from src\main\AndroidManifest.xml:18:22-76
uses-permission#android.permission.READ_CONTACTS
ADDED from src\main\AndroidManifest.xml:19:5-72
	android:name
		ADDED from src\main\AndroidManifest.xml:19:22-69
uses-permission#android.permission.INTERNET
ADDED from src\main\AndroidManifest.xml:20:5-67
	android:name
		ADDED from src\main\AndroidManifest.xml:20:22-64
uses-permission#android.permission.READ_SYNC_SETTINGS
ADDED from src\main\AndroidManifest.xml:21:5-77
	android:name
		ADDED from src\main\AndroidManifest.xml:21:22-74
uses-permission#android.permission.WRITE_SYNC_SETTINGS
ADDED from src\main\AndroidManifest.xml:22:5-78
	android:name
		ADDED from src\main\AndroidManifest.xml:22:22-75
uses-permission#android.permission.AUTHENTICATE_ACCOUNTS
ADDED from src\main\AndroidManifest.xml:23:5-80
	android:name
		ADDED from src\main\AndroidManifest.xml:23:22-77
uses-permission#android.permission.SEND_SMS
ADDED from src\main\AndroidManifest.xml:25:5-67
MERGED from [BirthRegistration:sDMM_SDK:unspecified] AndroidManifest.xml:13:5-67
	android:name
		ADDED from src\main\AndroidManifest.xml:25:22-64
uses-permission#android.permission.RECEIVE_SMS
ADDED from src\main\AndroidManifest.xml:26:5-70
MERGED from [BirthRegistration:sDMM_SDK:unspecified] AndroidManifest.xml:11:5-70
	android:name
		ADDED from src\main\AndroidManifest.xml:26:22-67
uses-permission#com.sdmmllc.superdupersmsmanager.SEND_SMS
ADDED from src\main\AndroidManifest.xml:27:5-81
	android:name
		ADDED from src\main\AndroidManifest.xml:27:22-78
uses-permission#com.sdmmllc.superdupersmsmanager.WRITE_SMS
ADDED from src\main\AndroidManifest.xml:28:5-82
	android:name
		ADDED from src\main\AndroidManifest.xml:28:22-79
uses-permission#android.permission.READ_PHONE_STATE
ADDED from src\main\AndroidManifest.xml:29:5-75
	android:name
		ADDED from src\main\AndroidManifest.xml:29:22-72
uses-permission#android.permission.ACCESS_COARSE_LOCATION
ADDED from src\main\AndroidManifest.xml:30:5-81
	android:name
		ADDED from src\main\AndroidManifest.xml:30:22-78
uses-permission#android.permission.READ_EXTERNAL_STORAGE
ADDED from src\main\AndroidManifest.xml:31:5-33:38
	android:maxSdkVersion
		ADDED from src\main\AndroidManifest.xml:33:9-35
	android:name
		ADDED from src\main\AndroidManifest.xml:32:9-64
application
ADDED from src\main\AndroidManifest.xml:35:5-157:19
MERGED from [BirthRegistration:sDMM_SDK:unspecified] AndroidManifest.xml:17:5-30:19
MERGED from [com.android.support:support-v4:22.1.1] AndroidManifest.xml:22:5-20
	android:label
		ADDED from src\main\AndroidManifest.xml:39:9-41
	android:allowBackup
		ADDED from src\main\AndroidManifest.xml:37:9-35
	android:icon
		ADDED from src\main\AndroidManifest.xml:38:9-48
	android:theme
		ADDED from src\main\AndroidManifest.xml:40:9-40
	tools:replace
		ADDED from src\main\AndroidManifest.xml:41:9-37
	android:name
		ADDED from src\main\AndroidManifest.xml:36:9-53
		REJECTED from [BirthRegistration:sDMM_SDK:unspecified] AndroidManifest.xml:17:18-69
receiver#tz.co.rita.receivers.BirthRegistrationSmsReceiver
ADDED from src\main\AndroidManifest.xml:42:9-48:20
	android:enabled
		ADDED from src\main\AndroidManifest.xml:44:13-35
	android:name
		ADDED from src\main\AndroidManifest.xml:43:13-77
intent-filter#android.provider.Telephony.SMS_RECEIVED
ADDED from src\main\AndroidManifest.xml:45:13-47:29
	android:priority
		ADDED from src\main\AndroidManifest.xml:45:28-51
action#android.provider.Telephony.SMS_RECEIVED
ADDED from src\main\AndroidManifest.xml:46:17-82
	android:name
		ADDED from src\main\AndroidManifest.xml:46:25-79
activity#tz.co.rita.birthregistration.LoginActivity
ADDED from src\main\AndroidManifest.xml:50:9-60:20
	android:label
		ADDED from src\main\AndroidManifest.xml:52:13-45
	android:windowSoftInputMode
		ADDED from src\main\AndroidManifest.xml:54:13-55
	android:theme
		ADDED from src\main\AndroidManifest.xml:53:13-55
	android:name
		ADDED from src\main\AndroidManifest.xml:51:13-42
intent-filter#android.intent.action.MAIN+android.intent.category.LAUNCHER
ADDED from src\main\AndroidManifest.xml:55:13-59:29
action#android.intent.action.MAIN
ADDED from src\main\AndroidManifest.xml:56:17-69
	android:name
		ADDED from src\main\AndroidManifest.xml:56:25-66
category#android.intent.category.LAUNCHER
ADDED from src\main\AndroidManifest.xml:58:17-77
	android:name
		ADDED from src\main\AndroidManifest.xml:58:27-74
activity#tz.co.rita.birthregistration.DashBoardActivity
ADDED from src\main\AndroidManifest.xml:61:9-63:48
	android:label
		ADDED from src\main\AndroidManifest.xml:63:13-45
	android:name
		ADDED from src\main\AndroidManifest.xml:62:13-46
activity#tz.co.rita.birthregistration.SettingsActivity
ADDED from src\main\AndroidManifest.xml:64:9-71:20
	android:label
		ADDED from src\main\AndroidManifest.xml:66:13-45
	android:parentActivityName
		ADDED from src\main\AndroidManifest.xml:67:13-60
	android:name
		ADDED from src\main\AndroidManifest.xml:65:13-45
meta-data#android.support.PARENT_ACTIVITY
ADDED from src\main\AndroidManifest.xml:68:13-70:54
	android:value
		ADDED from src\main\AndroidManifest.xml:70:17-51
	android:name
		ADDED from src\main\AndroidManifest.xml:69:17-63
activity#tz.co.rita.birthregistration.BirthRecordActivity
ADDED from src\main\AndroidManifest.xml:72:9-80:20
	android:screenOrientation
		ADDED from src\main\AndroidManifest.xml:76:13-49
	android:label
		ADDED from src\main\AndroidManifest.xml:74:13-61
	android:parentActivityName
		ADDED from src\main\AndroidManifest.xml:75:13-60
	android:name
		ADDED from src\main\AndroidManifest.xml:73:13-48
activity#tz.co.rita.birthregistration.DeathRegisterActivity
ADDED from src\main\AndroidManifest.xml:81:9-89:20
	android:screenOrientation
		ADDED from src\main\AndroidManifest.xml:85:13-49
	android:label
		ADDED from src\main\AndroidManifest.xml:83:13-63
	android:parentActivityName
		ADDED from src\main\AndroidManifest.xml:84:13-60
	android:name
		ADDED from src\main\AndroidManifest.xml:82:13-50
activity#tz.co.rita.birthregistration.BirthRecordsListActivity
ADDED from src\main\AndroidManifest.xml:90:9-97:20
	android:label
		ADDED from src\main\AndroidManifest.xml:92:13-45
	android:parentActivityName
		ADDED from src\main\AndroidManifest.xml:93:13-60
	android:name
		ADDED from src\main\AndroidManifest.xml:91:13-53
provider#tz.co.rita.data.BirthRegistrationProvider
ADDED from src\main\AndroidManifest.xml:99:9-103:39
	android:authorities
		ADDED from src\main\AndroidManifest.xml:101:13-89
	android:syncable
		ADDED from src\main\AndroidManifest.xml:103:13-36
	android:exported
		ADDED from src\main\AndroidManifest.xml:102:13-37
	android:name
		ADDED from src\main\AndroidManifest.xml:100:13-69
activity#tz.co.rita.birthregistration.CreateNewUserActivity
ADDED from src\main\AndroidManifest.xml:105:9-107:48
	android:label
		ADDED from src\main\AndroidManifest.xml:107:13-45
	android:name
		ADDED from src\main\AndroidManifest.xml:106:13-50
activity#tz.co.rita.birthregistration.ChangePasswordActivity
ADDED from src\main\AndroidManifest.xml:108:9-115:20
	android:label
		ADDED from src\main\AndroidManifest.xml:110:13-45
	android:parentActivityName
		ADDED from src\main\AndroidManifest.xml:111:13-60
	android:name
		ADDED from src\main\AndroidManifest.xml:109:13-51
activity#tz.co.rita.birthregistration.ForgotPasswordActivity
ADDED from src\main\AndroidManifest.xml:116:9-118:70
	android:label
		ADDED from src\main\AndroidManifest.xml:118:13-67
	android:name
		ADDED from src\main\AndroidManifest.xml:117:13-51
activity#tz.co.rita.birthregistration.ResetPasswordActivity
ADDED from src\main\AndroidManifest.xml:119:9-121:69
	android:label
		ADDED from src\main\AndroidManifest.xml:121:13-66
	android:name
		ADDED from src\main\AndroidManifest.xml:120:13-50
service#tz.co.rita.services.PhoneStateChangeListenerService
ADDED from src\main\AndroidManifest.xml:123:9-126:40
	android:enabled
		ADDED from src\main\AndroidManifest.xml:125:13-35
	android:exported
		ADDED from src\main\AndroidManifest.xml:126:13-37
	android:name
		ADDED from src\main\AndroidManifest.xml:124:13-79
activity#tz.co.rita.birthregistration.ChartActivity
ADDED from src\main\AndroidManifest.xml:128:9-135:20
	android:label
		ADDED from src\main\AndroidManifest.xml:130:13-57
	android:parentActivityName
		ADDED from src\main\AndroidManifest.xml:131:13-60
	android:name
		ADDED from src\main\AndroidManifest.xml:129:13-42
activity#tz.co.rita.birthregistration.CameraActivity
ADDED from src\main\AndroidManifest.xml:136:9-140:20
	android:screenOrientation
		ADDED from src\main\AndroidManifest.xml:139:13-50
	android:label
		ADDED from src\main\AndroidManifest.xml:138:13-45
	android:name
		ADDED from src\main\AndroidManifest.xml:137:13-43
activity#tz.co.rita.birthregistration.CreateFormBook
ADDED from src\main\AndroidManifest.xml:141:9-148:20
	android:label
		ADDED from src\main\AndroidManifest.xml:143:13-68
	android:parentActivityName
		ADDED from src\main\AndroidManifest.xml:144:13-60
	android:name
		ADDED from src\main\AndroidManifest.xml:142:13-43
activity#tz.co.rita.birthregistration.ListFormBooks
ADDED from src\main\AndroidManifest.xml:149:9-156:20
	android:label
		ADDED from src\main\AndroidManifest.xml:151:13-67
	android:parentActivityName
		ADDED from src\main\AndroidManifest.xml:152:13-60
	android:name
		ADDED from src\main\AndroidManifest.xml:150:13-42
uses-permission#android.permission.RECEIVE_MMS
ADDED from [BirthRegistration:sDMM_SDK:unspecified] AndroidManifest.xml:12:5-70
	android:name
		ADDED from [BirthRegistration:sDMM_SDK:unspecified] AndroidManifest.xml:12:22-67
uses-permission#android.permission.READ_SMS
ADDED from [BirthRegistration:sDMM_SDK:unspecified] AndroidManifest.xml:14:5-67
	android:name
		ADDED from [BirthRegistration:sDMM_SDK:unspecified] AndroidManifest.xml:14:22-64
uses-permission#android.permission.WRITE_SMS
ADDED from [BirthRegistration:sDMM_SDK:unspecified] AndroidManifest.xml:15:5-68
	android:name
		ADDED from [BirthRegistration:sDMM_SDK:unspecified] AndroidManifest.xml:15:22-65
receiver#com.sdmmllc.superdupermm.SDSmsIntentReceiver
ADDED from [BirthRegistration:sDMM_SDK:unspecified] AndroidManifest.xml:18:9-29:20
	android:enabled
		ADDED from [BirthRegistration:sDMM_SDK:unspecified] AndroidManifest.xml:20:13-35
	android:name
		ADDED from [BirthRegistration:sDMM_SDK:unspecified] AndroidManifest.xml:19:13-72
intent-filter#android.intent.action.PACKAGE_ADDED+android.intent.action.PACKAGE_CHANGED+android.intent.action.PACKAGE_INSTALL+android.intent.action.PACKAGE_REPLACED
ADDED from [BirthRegistration:sDMM_SDK:unspecified] AndroidManifest.xml:21:13-28:29
	android:priority
		ADDED from [BirthRegistration:sDMM_SDK:unspecified] AndroidManifest.xml:21:28-51
action#android.intent.action.PACKAGE_REPLACED
ADDED from [BirthRegistration:sDMM_SDK:unspecified] AndroidManifest.xml:22:17-81
	android:name
		ADDED from [BirthRegistration:sDMM_SDK:unspecified] AndroidManifest.xml:22:25-78
action#android.intent.action.PACKAGE_INSTALL
ADDED from [BirthRegistration:sDMM_SDK:unspecified] AndroidManifest.xml:23:17-80
	android:name
		ADDED from [BirthRegistration:sDMM_SDK:unspecified] AndroidManifest.xml:23:25-77
action#android.intent.action.PACKAGE_ADDED
ADDED from [BirthRegistration:sDMM_SDK:unspecified] AndroidManifest.xml:24:17-78
	android:name
		ADDED from [BirthRegistration:sDMM_SDK:unspecified] AndroidManifest.xml:24:25-75
action#android.intent.action.PACKAGE_CHANGED
ADDED from [BirthRegistration:sDMM_SDK:unspecified] AndroidManifest.xml:25:17-80
	android:name
		ADDED from [BirthRegistration:sDMM_SDK:unspecified] AndroidManifest.xml:25:25-77
data
ADDED from [BirthRegistration:sDMM_SDK:unspecified] AndroidManifest.xml:27:17-50
	android:scheme
		ADDED from [BirthRegistration:sDMM_SDK:unspecified] AndroidManifest.xml:27:23-47